[2020.04.15. 19:49:55 REQ f1] Login 12345678 
[2020.04.15. 19:49:56 RES f1] LoginSuccess 
[2020.04.15. 19:49:56 REQ f1] LoginReward 
[2020.04.15. 19:49:56 RES f1] LoginRewardNotActive 03:23 
[2020.04.15. 19:49:56 REQ f1] ClientData f1 
[2020.04.15. 19:49:56 RES f1] 167026 314 1000 
[2020.04.15. 19:49:56 REQ f1] TableList 
[2020.04.15. 19:49:56 RES f1] 8 On The Rise 20 0 10 Local Tourney 100 0 10 A Radical Table 500 0 10 Poor Player Penthouse 1 0 10 Las Vegas Baller 2000 0 10 Casual Playa Secret Room 5 0 10 A Middle Class Table 50 0 10 WSOP High Rollers 10000 0 10 
[2020.04.15. 19:50:00 REQ f2] Login 12345678 
[2020.04.15. 19:50:00 RES f2] LoginSuccess 
[2020.04.15. 19:50:00 REQ f2] LoginReward 
[2020.04.15. 19:50:00 RES f2] LoginRewardNotActive 03:25 
[2020.04.15. 19:50:00 REQ f2] ClientData f2 
[2020.04.15. 19:50:00 RES f2] 110012 355 1000 
[2020.04.15. 19:50:00 REQ f2] TableList 
[2020.04.15. 19:50:00 RES f2] 8 On The Rise 20 0 10 Local Tourney 100 0 10 A Radical Table 500 0 10 Poor Player Penthouse 1 0 10 Las Vegas Baller 2000 0 10 Casual Playa Secret Room 5 0 10 A Middle Class Table 50 0 10 WSOP High Rollers 10000 0 10 
[2020.04.15. 19:50:06 REQ f1] JoinTable On The Rise 400 
[2020.04.15. 19:50:06 RES f1] JoinTableSuccess 
[2020.04.15. 19:50:06 RES f1] TableState 0 20 10 0 0 -1 0 
[2020.04.15. 19:50:06 RES f1] PlayerJoined 0 f1 400 
[2020.04.15. 19:50:08 REQ f2] JoinTable On The Rise 400 
[2020.04.15. 19:50:08 RES f2] JoinTableSuccess 
[2020.04.15. 19:50:08 RES f2] TableState 0 20 10 1 0 f1 400 0 True 0 -1 0 
[2020.04.15. 19:50:08 RES f1] PlayerJoined 1 f2 400 
[2020.04.15. 19:50:08 RES f2] PlayerJoined 1 f2 400 
[2020.04.15. 19:50:08 RES f1] Blinds 2 0 1 1 0 1 
[2020.04.15. 19:50:08 RES f2] Blinds 2 0 1 1 0 1 
[2020.04.15. 19:50:08 RES f1] Hand 10D JC 
[2020.04.15. 19:50:08 RES f2] Hand 4D 8C 
[2020.04.15. 19:50:08 RES f1] PlayerIndex 0 
[2020.04.15. 19:50:08 RES f2] PlayerIndex 0 
[2020.04.15. 19:50:08 RES f1] RequiredBet 0 80 400 
[2020.04.15. 19:50:11 REQ f1] Check 
[2020.04.15. 19:50:11 RES f1] PlayerChecked 0 
[2020.04.15. 19:50:11 RES f2] PlayerChecked 0 
[2020.04.15. 19:50:11 RES f1] PlayerIndex 1 
[2020.04.15. 19:50:11 RES f2] PlayerIndex 1 
[2020.04.15. 19:50:11 RES f2] RequiredBet 0 80 400 
[2020.04.15. 19:50:13 REQ f2] Check 
[2020.04.15. 19:50:13 RES f1] PlayerChecked 1 
[2020.04.15. 19:50:13 RES f2] PlayerChecked 1 
[2020.04.15. 19:50:13 RES f1] Flop 7H 7D 4S 
[2020.04.15. 19:50:13 RES f2] Flop 7H 7D 4S 
[2020.04.15. 19:50:14 RES f1] PlayerIndex 0 
[2020.04.15. 19:50:14 RES f2] PlayerIndex 0 
[2020.04.15. 19:50:14 RES f1] RequiredBet 0 40 360 
[2020.04.15. 19:50:15 REQ f1] Check 
[2020.04.15. 19:50:15 RES f1] PlayerChecked 0 
[2020.04.15. 19:50:15 RES f2] PlayerChecked 0 
[2020.04.15. 19:50:15 RES f1] PlayerIndex 1 
[2020.04.15. 19:50:15 RES f2] PlayerIndex 1 
[2020.04.15. 19:50:16 RES f2] RequiredBet 0 40 360 
[2020.04.15. 19:50:17 REQ f2] Check 
[2020.04.15. 19:50:17 RES f1] PlayerChecked 1 
[2020.04.15. 19:50:17 RES f2] PlayerChecked 1 
[2020.04.15. 19:50:17 RES f1] Turn 2C 
[2020.04.15. 19:50:17 RES f2] Turn 2C 
[2020.04.15. 19:50:18 RES f1] PlayerIndex 0 
[2020.04.15. 19:50:18 RES f2] PlayerIndex 0 
[2020.04.15. 19:50:18 RES f1] RequiredBet 0 40 360 
[2020.04.15. 19:50:20 REQ f1] Check 
[2020.04.15. 19:50:20 RES f1] PlayerChecked 0 
[2020.04.15. 19:50:20 RES f2] PlayerChecked 0 
[2020.04.15. 19:50:20 RES f1] PlayerIndex 1 
[2020.04.15. 19:50:20 RES f2] PlayerIndex 1 
[2020.04.15. 19:50:20 RES f2] RequiredBet 0 40 360 
[2020.04.15. 19:50:21 REQ f2] Check 
[2020.04.15. 19:50:21 RES f1] PlayerChecked 1 
[2020.04.15. 19:50:21 RES f2] PlayerChecked 1 
[2020.04.15. 19:50:21 RES f1] River 9H 
[2020.04.15. 19:50:21 RES f2] River 9H 
[2020.04.15. 19:50:22 RES f1] PlayerIndex 0 
[2020.04.15. 19:50:22 RES f2] PlayerIndex 0 
[2020.04.15. 19:50:22 RES f1] RequiredBet 0 40 360 
[2020.04.15. 19:50:23 REQ f1] Check 
[2020.04.15. 19:50:23 RES f1] PlayerChecked 0 
[2020.04.15. 19:50:23 RES f2] PlayerChecked 0 
[2020.04.15. 19:50:23 RES f1] PlayerIndex 1 
[2020.04.15. 19:50:23 RES f2] PlayerIndex 1 
[2020.04.15. 19:50:23 RES f2] RequiredBet 0 40 360 
[2020.04.15. 19:50:24 REQ f2] Check 
[2020.04.15. 19:50:24 RES f1] PlayerChecked 1 
[2020.04.15. 19:50:24 RES f2] PlayerChecked 1 
[2020.04.15. 19:50:24 RES f1] CardsReveal 2 0 10D JC 1 4D 8C 
[2020.04.15. 19:50:24 RES f2] CardsReveal 2 0 10D JC 1 4D 8C 
[2020.04.15. 19:50:24 RES f1] Showdown 1 80 1 1 1 Two pair 4's and 7's 
[2020.04.15. 19:50:24 RES f2] Showdown 1 80 1 1 1 Two pair 4's and 7's 
[2020.04.15. 19:50:30 RES f1] RoundFinished 
[2020.04.15. 19:50:30 RES f2] RoundFinished 
[2020.04.15. 19:50:30 RES f1] Blinds 0 0 1 0 
[2020.04.15. 19:50:30 RES f2] Blinds 0 0 1 0 
[2020.04.15. 19:50:30 RES f1] Hand 10H 2H 
[2020.04.15. 19:50:30 RES f2] Hand 2S 7S 
[2020.04.15. 19:50:30 RES f1] PlayerIndex 1 
[2020.04.15. 19:50:30 RES f2] PlayerIndex 1 
[2020.04.15. 19:50:30 RES f2] RequiredBet 20 80 440 
[2020.04.15. 19:50:41 RES f1] PlayerFolded 1 
[2020.04.15. 19:50:41 RES f2] PlayerFolded 1 
[2020.04.15. 19:50:41 RES f1] Showdown 1 60 1 0  
[2020.04.15. 19:50:41 RES f2] Showdown 1 60 1 0  
[2020.04.15. 19:50:46 RES f1] RoundFinished 
[2020.04.15. 19:50:46 RES f2] RoundFinished 
[2020.04.15. 19:50:46 RES f1] Blinds 0 1 0 1 
[2020.04.15. 19:50:46 RES f2] Blinds 0 1 0 1 
[2020.04.15. 19:50:46 RES f1] Hand JD 3S 
[2020.04.15. 19:50:46 RES f2] Hand 5H QD 
[2020.04.15. 19:50:46 RES f1] PlayerIndex 0 
[2020.04.15. 19:50:46 RES f2] PlayerIndex 0 
[2020.04.15. 19:50:46 RES f1] RequiredBet 20 80 380 
[2020.04.15. 19:50:54 RES f2] PlayerLeft 0 
[2020.04.15. 19:50:54 RES f2] Showdown 1 60 1 1  
