[2020.04.15. 19:03:00 REQ Lmaaaa] Register 12121212 
[2020.04.15. 19:03:01 RES Lmaaaa] RegistrationSuccess 
[2020.04.15. 19:03:05 REQ Lmaaaa] Register 12121212 
[2020.04.15. 19:03:05 RES Lmaaaa] RegistrationUsernameTaken 
[2020.04.15. 19:04:56 REQ Lmaaaa] Register 12121212 
[2020.04.15. 19:10:28 RES Lmaaaa] RegistrationUsernameTaken 
[2020.04.15. 19:13:55 REQ f1] Login 12345678 
[2020.04.15. 19:13:55 RES f1] LoginSuccess 
[2020.04.15. 19:13:55 REQ f1] LoginReward 
[2020.04.15. 19:13:56 RES f1] LoginRewardActive 14976 
[2020.04.15. 19:13:56 REQ f1] ClientData f1 
[2020.04.15. 19:13:56 RES f1] 167106 312 1000 
[2020.04.15. 19:13:56 REQ f1] TableList 
[2020.04.15. 19:13:56 RES f1] 8 On The Rise 20 0 10 Local Tourney 100 0 10 A Radical Table 500 0 10 Poor Player Penthouse 1 0 10 Las Vegas Baller 2000 0 10 Casual Playa Secret Room 5 0 10 A Middle Class Table 50 0 10 WSOP High Rollers 10000 0 10 
[2020.04.15. 19:15:01 REQ f1] TableList 
[2020.04.15. 19:15:01 RES f1] 8 On The Rise 20 0 10 Local Tourney 100 0 10 A Radical Table 500 0 10 Poor Player Penthouse 1 0 10 Las Vegas Baller 2000 0 10 Casual Playa Secret Room 5 0 10 A Middle Class Table 50 0 10 WSOP High Rollers 10000 0 10 
[2020.04.15. 19:15:12 REQ f1] Logout 
[2020.04.15. 19:15:21 REQ f2] Login 12345678 
[2020.04.15. 19:15:21 RES f2] LoginSuccess 
[2020.04.15. 19:15:21 REQ f2] LoginReward 
[2020.04.15. 19:15:21 RES f2] LoginRewardActive 4648 
[2020.04.15. 19:15:21 REQ f2] ClientData f2 
[2020.04.15. 19:15:21 RES f2] 109932 351 1000 
[2020.04.15. 19:15:21 REQ f2] TableList 
[2020.04.15. 19:15:21 RES f2] 8 On The Rise 20 0 10 Local Tourney 100 0 10 A Radical Table 500 0 10 Poor Player Penthouse 1 0 10 Las Vegas Baller 2000 0 10 Casual Playa Secret Room 5 0 10 A Middle Class Table 50 0 10 WSOP High Rollers 10000 0 10 
[2020.04.15. 19:15:45 REQ f2] JoinTable On The Rise 400 
[2020.04.15. 19:15:45 RES f2] JoinTableSuccess 
[2020.04.15. 19:15:45 RES f2] TableState 0 20 10 0 0 -1 0 
[2020.04.15. 19:16:55 REQ f2] SendChatMessage yo yo yo 
[2020.04.15. 19:17:13 REQ f2] SendChatMessage asdas 
[2020.04.15. 19:18:15 REQ f2] SendChatMessage wtfman 
