[2020.04.15. 02:54:04 REQ f3] Login 12345678 
[2020.04.15. 02:54:04 REQ f3] LoginReward 
[2020.04.15. 02:54:04 REQ f3] ClientData f3 
[2020.04.15. 02:54:04 REQ f3] TableList 
[2020.04.15. 02:54:09 REQ f2] Login 12345678 
[2020.04.15. 02:54:09 REQ f2] LoginReward 
[2020.04.15. 02:54:09 REQ f2] ClientData f2 
[2020.04.15. 02:54:09 REQ f2] TableList 
[2020.04.15. 02:54:25 REQ f3] JoinTable On The Rise 400 
[2020.04.15. 02:54:26 REQ f2] JoinTable On The Rise 400 
[2020.04.15. 02:54:32 REQ f3] Check 
[2020.04.15. 02:54:36 REQ f2] Check 
[2020.04.15. 02:54:41 REQ f3] Check 
[2020.04.15. 02:54:45 REQ f2] Raise 40 
[2020.04.15. 02:54:52 REQ f3] Fold 
[2020.04.15. 02:55:06 REQ f2] Call 20 
[2020.04.15. 02:55:10 REQ f3] Check 
[2020.04.15. 02:55:23 REQ f2] Check 
[2020.04.15. 02:55:31 REQ f3] SendChatMessage hey log! 
[2020.04.15. 02:55:32 REQ f3] Check 
[2020.04.15. 02:55:40 REQ f2] Check 
[2020.04.15. 02:55:41 REQ f3] Check 
[2020.04.15. 02:55:44 REQ f2] Check 
[2020.04.15. 02:55:46 REQ f3] Check 
[2020.04.15. 02:56:01 REQ f3] LeaveTable 
[2020.04.15. 02:56:01 REQ f3] ClientData f3 
[2020.04.15. 02:56:01 REQ f3] TableList 
[2020.04.15. 02:56:10 REQ f2] LeaveTable 
[2020.04.15. 02:56:10 REQ f2] ClientData f2 
[2020.04.15. 02:56:10 REQ f2] TableList 
[2020.04.15. 02:56:24 REQ f3] Logout 
[2020.04.15. 02:56:25 REQ f2] Logout 
